2022-10-25 20:07:38.413  INFO 46942 --- [main] c.d.Main                                 : Starting Main on topjoydeMacBook-Pro-104.local with PID 46942 (/Users/topjoy/project/dingRobot/worker/target/classes started by topjoy in /Users/topjoy/project/dingRobot)
2022-10-25 20:07:38.437  INFO 46942 --- [main] c.d.Main                                 : The following profiles are active: lifecycle,dev
2022-10-25 20:07:41.380  INFO 46942 --- [main] o.s.b.w.e.t.TomcatWebServer              : Tomcat initialized with port(s): 4567 (http)
2022-10-25 20:07:41.544  INFO 46942 --- [main] w.s.c.ServletWebServerApplicationContext : Root WebApplicationContext: initialization completed in 3011 ms
2022-10-25 20:07:41.601  INFO 46942 --- [main] f.a.AutowiredAnnotationBeanPostProcessor : Autowired annotation should only be used on methods with parameters: public com.ding.log.AccessLogInterceptor com.ding.log.RestAdapter.accessLog()
2022-10-25 20:07:42.591  INFO 46942 --- [main] o.s.b.w.e.t.TomcatWebServer              : Tomcat started on port(s): 4567 (http) with context path ''
2022-10-25 20:07:42.616  INFO 46942 --- [main] c.d.Main                                 : Started Main in 5.624 seconds (JVM running for 8.531)
2022-10-25 20:07:43.484 ERROR 46942 --- [main] topsdk                                   : 2022-10-25 20:07:43.479^_^_dingtalk_^_^dingtalk.oapi.gettoken^_^192.168.128.178^_^Mac OS X^_^854^_^https://oapi.dingtalk.com/gettoken^_^null^_^{"errcode":40035,"errmsg":"缺少参数 corpid or appkey"}
2022-10-25 20:07:43.528  INFO 46942 --- [main] SYS                                      : server start.
2022-10-25 20:29:34.455  INFO 46942 --- [SpringContextShutdownHook] SYS                                      : server stopped.
2022-10-25 20:29:41.275  INFO 48966 --- [main] c.d.Main                                 : Starting Main on topjoydeMacBook-Pro-104.local with PID 48966 (/Users/topjoy/project/dingRobot/worker/target/classes started by topjoy in /Users/topjoy/project/dingRobot)
2022-10-25 20:29:41.286  INFO 48966 --- [main] c.d.Main                                 : The following profiles are active: lifecycle,dev
2022-10-25 20:29:42.198  INFO 48966 --- [main] o.s.b.w.e.t.TomcatWebServer              : Tomcat initialized with port(s): 4567 (http)
2022-10-25 20:29:42.306  INFO 48966 --- [main] w.s.c.ServletWebServerApplicationContext : Root WebApplicationContext: initialization completed in 978 ms
2022-10-25 20:29:42.360  INFO 48966 --- [main] f.a.AutowiredAnnotationBeanPostProcessor : Autowired annotation should only be used on methods with parameters: public com.ding.log.AccessLogInterceptor com.ding.log.RestAdapter.accessLog()
2022-10-25 20:29:42.629  INFO 48966 --- [main] o.s.b.w.e.t.TomcatWebServer              : Tomcat started on port(s): 4567 (http) with context path ''
2022-10-25 20:29:42.643  INFO 48966 --- [main] c.d.Main                                 : Started Main in 2.311 seconds (JVM running for 4.67)
2022-10-25 20:29:43.072 ERROR 48966 --- [main] topsdk                                   : 2022-10-25 20:29:43.070^_^_dingtalk_^_^dingtalk.oapi.gettoken^_^192.168.128.178^_^Mac OS X^_^423^_^https://oapi.dingtalk.com/gettoken^_^null^_^{"errcode":40035,"errmsg":"缺少参数 corpid or appkey"}
2022-10-25 20:29:43.112  INFO 48966 --- [main] SYS                                      : server start.
2022-10-25 20:29:46.347  INFO 48966 --- [SpringContextShutdownHook] SYS                                      : server stopped.
